<?xml version="1.0" encoding="UTF-8"?>
<!-- Generated by org.testng.reporters.JUnitReportReporter -->
<testsuite hostname="DESKTOP-OKA5ALE" failures="0" tests="1" name="com.selenium.phase5.LoginPage" time="21.588" errors="0" timestamp="2022-04-05T01:54:46 IST" skipped="0">
  <testcase classname="com.selenium.phase5.LoginPage" name="login" time="21.588"/>
  <system-out/>
</testsuite> <!-- com.selenium.phase5.LoginPage -->
