<?xml version="1.0" encoding="UTF-8"?>
<!-- Generated by org.testng.reporters.JUnitReportReporter -->
<testsuite hostname="DESKTOP-OKA5ALE" failures="0" tests="1" name="com.Testng.phase5.Registration_Form_Automation.RegistrationForm" time="66.879" errors="0" timestamp="2022-04-04T01:00:17 IST" skipped="0">
  <testcase classname="com.Testng.phase5.Registration_Form_Automation.RegistrationForm" name="invokeBrowser" time="66.879"/>
  <system-out/>
</testsuite> <!-- com.Testng.phase5.Registration_Form_Automation.RegistrationForm -->
